{"C:\\Users\\tampu\\OneDrive\\Desktop\\sagana\\server\\controllers\\authController.js": {"path":"C:\\Users\\tampu\\OneDrive\\Desktop\\sagana\\server\\controllers\\authController.js","statementMap":{"0":{"start":{"line":1,"column":13},"end":{"line":1,"column":38}},"1":{"start":{"line":2,"column":15},"end":{"line":2,"column":34}},"2":{"start":{"line":3,"column":12},"end":{"line":3,"column":35}},"3":{"start":{"line":6,"column":22},"end":{"line":8,"column":1}},"4":{"start":{"line":7,"column":2},"end":{"line":7,"column":71}},"5":{"start":{"line":13,"column":17},"end":{"line":43,"column":1}},"6":{"start":{"line":14,"column":2},"end":{"line":42,"column":3}},"7":{"start":{"line":15,"column":44},"end":{"line":15,"column":52}},"8":{"start":{"line":18,"column":23},"end":{"line":18,"column":52}},"9":{"start":{"line":19,"column":4},"end":{"line":21,"column":5}},"10":{"start":{"line":20,"column":6},"end":{"line":20,"column":87}},"11":{"start":{"line":24,"column":17},"end":{"line":24,"column":41}},"12":{"start":{"line":25,"column":27},"end":{"line":25,"column":60}},"13":{"start":{"line":28,"column":17},"end":{"line":33,"column":6}},"14":{"start":{"line":35,"column":4},"end":{"line":39,"column":7}},"15":{"start":{"line":41,"column":4},"end":{"line":41,"column":69}},"16":{"start":{"line":48,"column":14},"end":{"line":72,"column":1}},"17":{"start":{"line":49,"column":2},"end":{"line":71,"column":3}},"18":{"start":{"line":50,"column":32},"end":{"line":50,"column":40}},"19":{"start":{"line":53,"column":17},"end":{"line":53,"column":46}},"20":{"start":{"line":54,"column":4},"end":{"line":56,"column":5}},"21":{"start":{"line":55,"column":6},"end":{"line":55,"column":92}},"22":{"start":{"line":59,"column":20},"end":{"line":59,"column":65}},"23":{"start":{"line":60,"column":4},"end":{"line":62,"column":5}},"24":{"start":{"line":61,"column":6},"end":{"line":61,"column":92}},"25":{"start":{"line":64,"column":4},"end":{"line":68,"column":7}},"26":{"start":{"line":70,"column":4},"end":{"line":70,"column":69}},"27":{"start":{"line":77,"column":14},"end":{"line":84,"column":1}},"28":{"start":{"line":78,"column":2},"end":{"line":83,"column":3}},"29":{"start":{"line":79,"column":17},"end":{"line":79,"column":69}},"30":{"start":{"line":80,"column":4},"end":{"line":80,"column":50}},"31":{"start":{"line":82,"column":4},"end":{"line":82,"column":69}},"32":{"start":{"line":86,"column":0},"end":{"line":86,"column":44}}},"fnMap":{"0":{"name":"(anonymous_0)","decl":{"start":{"line":6,"column":22},"end":{"line":6,"column":23}},"loc":{"start":{"line":6,"column":30},"end":{"line":8,"column":1}},"line":6},"1":{"name":"(anonymous_1)","decl":{"start":{"line":13,"column":17},"end":{"line":13,"column":18}},"loc":{"start":{"line":13,"column":37},"end":{"line":43,"column":1}},"line":13},"2":{"name":"(anonymous_2)","decl":{"start":{"line":48,"column":14},"end":{"line":48,"column":15}},"loc":{"start":{"line":48,"column":34},"end":{"line":72,"column":1}},"line":48},"3":{"name":"(anonymous_3)","decl":{"start":{"line":77,"column":14},"end":{"line":77,"column":15}},"loc":{"start":{"line":77,"column":34},"end":{"line":84,"column":1}},"line":77}},"branchMap":{"0":{"loc":{"start":{"line":19,"column":4},"end":{"line":21,"column":5}},"type":"if","locations":[{"start":{"line":19,"column":4},"end":{"line":21,"column":5}},{"start":{},"end":{}}],"line":19},"1":{"loc":{"start":{"line":32,"column":12},"end":{"line":32,"column":27}},"type":"binary-expr","locations":[{"start":{"line":32,"column":12},"end":{"line":32,"column":16}},{"start":{"line":32,"column":20},"end":{"line":32,"column":27}}],"line":32},"2":{"loc":{"start":{"line":54,"column":4},"end":{"line":56,"column":5}},"type":"if","locations":[{"start":{"line":54,"column":4},"end":{"line":56,"column":5}},{"start":{},"end":{}}],"line":54},"3":{"loc":{"start":{"line":60,"column":4},"end":{"line":62,"column":5}},"type":"if","locations":[{"start":{"line":60,"column":4},"end":{"line":62,"column":5}},{"start":{},"end":{}}],"line":60}},"s":{"0":1,"1":1,"2":1,"3":1,"4":4,"5":1,"6":4,"7":4,"8":4,"9":4,"10":1,"11":3,"12":3,"13":3,"14":3,"15":0,"16":1,"17":2,"18":2,"19":2,"20":2,"21":0,"22":2,"23":2,"24":1,"25":1,"26":0,"27":1,"28":1,"29":1,"30":1,"31":0,"32":1},"f":{"0":4,"1":4,"2":2,"3":1},"b":{"0":[1,3],"1":[3,0],"2":[0,2],"3":[1,1]},"_coverageSchema":"1a1c01bbd47fc00a2c39e90264f33305004495a9","hash":"e1bd4bad5b6376803c6f99aea6be4cad6021779a"}
,"C:\\Users\\tampu\\OneDrive\\Desktop\\sagana\\server\\controllers\\inventoryController.js": {"path":"C:\\Users\\tampu\\OneDrive\\Desktop\\sagana\\server\\controllers\\inventoryController.js","statementMap":{"0":{"start":{"line":1,"column":23},"end":{"line":1,"column":58}},"1":{"start":{"line":6,"column":21},"end":{"line":25,"column":1}},"2":{"start":{"line":7,"column":2},"end":{"line":24,"column":3}},"3":{"start":{"line":8,"column":32},"end":{"line":8,"column":41}},"4":{"start":{"line":9,"column":16},"end":{"line":9,"column":18}},"5":{"start":{"line":12,"column":4},"end":{"line":12,"column":64}},"6":{"start":{"line":12,"column":36},"end":{"line":12,"column":64}},"7":{"start":{"line":13,"column":4},"end":{"line":13,"column":38}},"8":{"start":{"line":13,"column":16},"end":{"line":13,"column":38}},"9":{"start":{"line":14,"column":4},"end":{"line":14,"column":41}},"10":{"start":{"line":14,"column":17},"end":{"line":14,"column":41}},"11":{"start":{"line":16,"column":20},"end":{"line":19,"column":30}},"12":{"start":{"line":21,"column":4},"end":{"line":21,"column":82}},"13":{"start":{"line":23,"column":4},"end":{"line":23,"column":69}},"14":{"start":{"line":30,"column":26},"end":{"line":49,"column":1}},"15":{"start":{"line":31,"column":2},"end":{"line":48,"column":3}},"16":{"start":{"line":32,"column":18},"end":{"line":34,"column":39}},"17":{"start":{"line":36,"column":4},"end":{"line":38,"column":5}},"18":{"start":{"line":37,"column":6},"end":{"line":37,"column":82}},"19":{"start":{"line":41,"column":4},"end":{"line":43,"column":5}},"20":{"start":{"line":42,"column":6},"end":{"line":42,"column":100}},"21":{"start":{"line":45,"column":4},"end":{"line":45,"column":57}},"22":{"start":{"line":47,"column":4},"end":{"line":47,"column":69}},"23":{"start":{"line":54,"column":29},"end":{"line":71,"column":1}},"24":{"start":{"line":55,"column":2},"end":{"line":70,"column":3}},"25":{"start":{"line":56,"column":59},"end":{"line":56,"column":67}},"26":{"start":{"line":58,"column":18},"end":{"line":65,"column":6}},"27":{"start":{"line":67,"column":4},"end":{"line":67,"column":57}},"28":{"start":{"line":69,"column":4},"end":{"line":69,"column":69}},"29":{"start":{"line":76,"column":29},"end":{"line":97,"column":1}},"30":{"start":{"line":77,"column":2},"end":{"line":96,"column":3}},"31":{"start":{"line":78,"column":16},"end":{"line":78,"column":60}},"32":{"start":{"line":79,"column":4},"end":{"line":81,"column":5}},"33":{"start":{"line":80,"column":6},"end":{"line":80,"column":82}},"34":{"start":{"line":84,"column":4},"end":{"line":86,"column":5}},"35":{"start":{"line":85,"column":6},"end":{"line":85,"column":102}},"36":{"start":{"line":88,"column":4},"end":{"line":91,"column":7}},"37":{"start":{"line":93,"column":4},"end":{"line":93,"column":57}},"38":{"start":{"line":95,"column":4},"end":{"line":95,"column":69}},"39":{"start":{"line":102,"column":29},"end":{"line":113,"column":1}},"40":{"start":{"line":103,"column":2},"end":{"line":112,"column":3}},"41":{"start":{"line":104,"column":18},"end":{"line":104,"column":62}},"42":{"start":{"line":105,"column":4},"end":{"line":107,"column":5}},"43":{"start":{"line":106,"column":6},"end":{"line":106,"column":82}},"44":{"start":{"line":108,"column":4},"end":{"line":108,"column":28}},"45":{"start":{"line":109,"column":4},"end":{"line":109,"column":83}},"46":{"start":{"line":111,"column":4},"end":{"line":111,"column":69}},"47":{"start":{"line":118,"column":28},"end":{"line":136,"column":1}},"48":{"start":{"line":119,"column":2},"end":{"line":135,"column":3}},"49":{"start":{"line":120,"column":24},"end":{"line":120,"column":33}},"50":{"start":{"line":121,"column":4},"end":{"line":123,"column":5}},"51":{"start":{"line":122,"column":6},"end":{"line":122,"column":86}},"52":{"start":{"line":124,"column":20},"end":{"line":131,"column":30}},"53":{"start":{"line":132,"column":4},"end":{"line":132,"column":82}},"54":{"start":{"line":134,"column":4},"end":{"line":134,"column":69}},"55":{"start":{"line":138,"column":0},"end":{"line":138,"column":140}}},"fnMap":{"0":{"name":"(anonymous_0)","decl":{"start":{"line":6,"column":21},"end":{"line":6,"column":22}},"loc":{"start":{"line":6,"column":41},"end":{"line":25,"column":1}},"line":6},"1":{"name":"(anonymous_1)","decl":{"start":{"line":30,"column":26},"end":{"line":30,"column":27}},"loc":{"start":{"line":30,"column":46},"end":{"line":49,"column":1}},"line":30},"2":{"name":"(anonymous_2)","decl":{"start":{"line":54,"column":29},"end":{"line":54,"column":30}},"loc":{"start":{"line":54,"column":49},"end":{"line":71,"column":1}},"line":54},"3":{"name":"(anonymous_3)","decl":{"start":{"line":76,"column":29},"end":{"line":76,"column":30}},"loc":{"start":{"line":76,"column":49},"end":{"line":97,"column":1}},"line":76},"4":{"name":"(anonymous_4)","decl":{"start":{"line":102,"column":29},"end":{"line":102,"column":30}},"loc":{"start":{"line":102,"column":49},"end":{"line":113,"column":1}},"line":102},"5":{"name":"(anonymous_5)","decl":{"start":{"line":118,"column":28},"end":{"line":118,"column":29}},"loc":{"start":{"line":118,"column":48},"end":{"line":136,"column":1}},"line":118}},"branchMap":{"0":{"loc":{"start":{"line":12,"column":4},"end":{"line":12,"column":64}},"type":"if","locations":[{"start":{"line":12,"column":4},"end":{"line":12,"column":64}},{"start":{},"end":{}}],"line":12},"1":{"loc":{"start":{"line":13,"column":4},"end":{"line":13,"column":38}},"type":"if","locations":[{"start":{"line":13,"column":4},"end":{"line":13,"column":38}},{"start":{},"end":{}}],"line":13},"2":{"loc":{"start":{"line":14,"column":4},"end":{"line":14,"column":41}},"type":"if","locations":[{"start":{"line":14,"column":4},"end":{"line":14,"column":41}},{"start":{},"end":{}}],"line":14},"3":{"loc":{"start":{"line":36,"column":4},"end":{"line":38,"column":5}},"type":"if","locations":[{"start":{"line":36,"column":4},"end":{"line":38,"column":5}},{"start":{},"end":{}}],"line":36},"4":{"loc":{"start":{"line":41,"column":4},"end":{"line":43,"column":5}},"type":"if","locations":[{"start":{"line":41,"column":4},"end":{"line":43,"column":5}},{"start":{},"end":{}}],"line":41},"5":{"loc":{"start":{"line":41,"column":8},"end":{"line":41,"column":93}},"type":"binary-expr","locations":[{"start":{"line":41,"column":8},"end":{"line":41,"column":34}},{"start":{"line":41,"column":38},"end":{"line":41,"column":93}}],"line":41},"6":{"loc":{"start":{"line":79,"column":4},"end":{"line":81,"column":5}},"type":"if","locations":[{"start":{"line":79,"column":4},"end":{"line":81,"column":5}},{"start":{},"end":{}}],"line":79},"7":{"loc":{"start":{"line":84,"column":4},"end":{"line":86,"column":5}},"type":"if","locations":[{"start":{"line":84,"column":4},"end":{"line":86,"column":5}},{"start":{},"end":{}}],"line":84},"8":{"loc":{"start":{"line":84,"column":8},"end":{"line":84,"column":88}},"type":"binary-expr","locations":[{"start":{"line":84,"column":8},"end":{"line":84,"column":59}},{"start":{"line":84,"column":63},"end":{"line":84,"column":88}}],"line":84},"9":{"loc":{"start":{"line":105,"column":4},"end":{"line":107,"column":5}},"type":"if","locations":[{"start":{"line":105,"column":4},"end":{"line":107,"column":5}},{"start":{},"end":{}}],"line":105},"10":{"loc":{"start":{"line":121,"column":4},"end":{"line":123,"column":5}},"type":"if","locations":[{"start":{"line":121,"column":4},"end":{"line":123,"column":5}},{"start":{},"end":{}}],"line":121}},"s":{"0":1,"1":1,"2":1,"3":1,"4":1,"5":1,"6":1,"7":1,"8":0,"9":1,"10":0,"11":1,"12":1,"13":0,"14":1,"15":0,"16":0,"17":0,"18":0,"19":0,"20":0,"21":0,"22":0,"23":1,"24":1,"25":1,"26":1,"27":1,"28":0,"29":1,"30":0,"31":0,"32":0,"33":0,"34":0,"35":0,"36":0,"37":0,"38":0,"39":1,"40":0,"41":0,"42":0,"43":0,"44":0,"45":0,"46":0,"47":1,"48":0,"49":0,"50":0,"51":0,"52":0,"53":0,"54":0,"55":1},"f":{"0":1,"1":0,"2":1,"3":0,"4":0,"5":0},"b":{"0":[1,0],"1":[0,1],"2":[0,1],"3":[0,0],"4":[0,0],"5":[0,0],"6":[0,0],"7":[0,0],"8":[0,0],"9":[0,0],"10":[0,0]},"_coverageSchema":"1a1c01bbd47fc00a2c39e90264f33305004495a9","hash":"ec8eb71992e04607325d25b5627667b56821c43a"}
,"C:\\Users\\tampu\\OneDrive\\Desktop\\sagana\\server\\controllers\\orderController.js": {"path":"C:\\Users\\tampu\\OneDrive\\Desktop\\sagana\\server\\controllers\\orderController.js","statementMap":{"0":{"start":{"line":1,"column":14},"end":{"line":1,"column":40}},"1":{"start":{"line":2,"column":23},"end":{"line":2,"column":58}},"2":{"start":{"line":3,"column":16},"end":{"line":3,"column":44}},"3":{"start":{"line":8,"column":18},"end":{"line":23,"column":1}},"4":{"start":{"line":9,"column":2},"end":{"line":22,"column":3}},"5":{"start":{"line":10,"column":16},"end":{"line":10,"column":18}},"6":{"start":{"line":11,"column":4},"end":{"line":11,"column":62}},"7":{"start":{"line":11,"column":35},"end":{"line":11,"column":62}},"8":{"start":{"line":13,"column":19},"end":{"line":17,"column":30}},"9":{"start":{"line":19,"column":4},"end":{"line":19,"column":80}},"10":{"start":{"line":21,"column":4},"end":{"line":21,"column":69}},"11":{"start":{"line":28,"column":20},"end":{"line":68,"column":1}},"12":{"start":{"line":29,"column":2},"end":{"line":67,"column":3}},"13":{"start":{"line":30,"column":57},"end":{"line":30,"column":65}},"14":{"start":{"line":33,"column":23},"end":{"line":33,"column":54}},"15":{"start":{"line":34,"column":4},"end":{"line":36,"column":5}},"16":{"start":{"line":35,"column":6},"end":{"line":35,"column":100}},"17":{"start":{"line":39,"column":18},"end":{"line":39,"column":63}},"18":{"start":{"line":40,"column":4},"end":{"line":42,"column":5}},"19":{"start":{"line":41,"column":6},"end":{"line":41,"column":92}},"20":{"start":{"line":43,"column":4},"end":{"line":45,"column":5}},"21":{"start":{"line":44,"column":6},"end":{"line":44,"column":103}},"22":{"start":{"line":48,"column":23},"end":{"line":48,"column":64}},"23":{"start":{"line":51,"column":18},"end":{"line":57,"column":6}},"24":{"start":{"line":60,"column":4},"end":{"line":60,"column":38}},"25":{"start":{"line":61,"column":4},"end":{"line":61,"column":52}},"26":{"start":{"line":61,"column":30},"end":{"line":61,"column":52}},"27":{"start":{"line":62,"column":4},"end":{"line":62,"column":23}},"28":{"start":{"line":64,"column":4},"end":{"line":64,"column":57}},"29":{"start":{"line":66,"column":4},"end":{"line":66,"column":69}},"30":{"start":{"line":73,"column":26},"end":{"line":96,"column":1}},"31":{"start":{"line":74,"column":2},"end":{"line":95,"column":3}},"32":{"start":{"line":75,"column":23},"end":{"line":75,"column":31}},"33":{"start":{"line":76,"column":26},"end":{"line":76,"column":76}},"34":{"start":{"line":78,"column":4},"end":{"line":80,"column":5}},"35":{"start":{"line":79,"column":6},"end":{"line":79,"column":87}},"36":{"start":{"line":82,"column":18},"end":{"line":86,"column":5}},"37":{"start":{"line":88,"column":4},"end":{"line":90,"column":5}},"38":{"start":{"line":89,"column":6},"end":{"line":89,"column":82}},"39":{"start":{"line":92,"column":4},"end":{"line":92,"column":57}},"40":{"start":{"line":94,"column":4},"end":{"line":94,"column":69}},"41":{"start":{"line":101,"column":17},"end":{"line":121,"column":1}},"42":{"start":{"line":102,"column":2},"end":{"line":120,"column":3}},"43":{"start":{"line":103,"column":18},"end":{"line":106,"column":62}},"44":{"start":{"line":108,"column":4},"end":{"line":110,"column":5}},"45":{"start":{"line":109,"column":6},"end":{"line":109,"column":82}},"46":{"start":{"line":113,"column":4},"end":{"line":115,"column":5}},"47":{"start":{"line":114,"column":6},"end":{"line":114,"column":100}},"48":{"start":{"line":117,"column":4},"end":{"line":117,"column":57}},"49":{"start":{"line":119,"column":4},"end":{"line":119,"column":69}},"50":{"start":{"line":123,"column":0},"end":{"line":123,"column":73}}},"fnMap":{"0":{"name":"(anonymous_0)","decl":{"start":{"line":8,"column":18},"end":{"line":8,"column":19}},"loc":{"start":{"line":8,"column":38},"end":{"line":23,"column":1}},"line":8},"1":{"name":"(anonymous_1)","decl":{"start":{"line":28,"column":20},"end":{"line":28,"column":21}},"loc":{"start":{"line":28,"column":40},"end":{"line":68,"column":1}},"line":28},"2":{"name":"(anonymous_2)","decl":{"start":{"line":73,"column":26},"end":{"line":73,"column":27}},"loc":{"start":{"line":73,"column":46},"end":{"line":96,"column":1}},"line":73},"3":{"name":"(anonymous_3)","decl":{"start":{"line":101,"column":17},"end":{"line":101,"column":18}},"loc":{"start":{"line":101,"column":37},"end":{"line":121,"column":1}},"line":101}},"branchMap":{"0":{"loc":{"start":{"line":11,"column":4},"end":{"line":11,"column":62}},"type":"if","locations":[{"start":{"line":11,"column":4},"end":{"line":11,"column":62}},{"start":{},"end":{}}],"line":11},"1":{"loc":{"start":{"line":34,"column":4},"end":{"line":36,"column":5}},"type":"if","locations":[{"start":{"line":34,"column":4},"end":{"line":36,"column":5}},{"start":{},"end":{}}],"line":34},"2":{"loc":{"start":{"line":34,"column":8},"end":{"line":34,"column":45}},"type":"binary-expr","locations":[{"start":{"line":34,"column":8},"end":{"line":34,"column":19}},{"start":{"line":34,"column":23},"end":{"line":34,"column":45}}],"line":34},"3":{"loc":{"start":{"line":40,"column":4},"end":{"line":42,"column":5}},"type":"if","locations":[{"start":{"line":40,"column":4},"end":{"line":42,"column":5}},{"start":{},"end":{}}],"line":40},"4":{"loc":{"start":{"line":43,"column":4},"end":{"line":45,"column":5}},"type":"if","locations":[{"start":{"line":43,"column":4},"end":{"line":45,"column":5}},{"start":{},"end":{}}],"line":43},"5":{"loc":{"start":{"line":61,"column":4},"end":{"line":61,"column":52}},"type":"if","locations":[{"start":{"line":61,"column":4},"end":{"line":61,"column":52}},{"start":{},"end":{}}],"line":61},"6":{"loc":{"start":{"line":78,"column":4},"end":{"line":80,"column":5}},"type":"if","locations":[{"start":{"line":78,"column":4},"end":{"line":80,"column":5}},{"start":{},"end":{}}],"line":78},"7":{"loc":{"start":{"line":88,"column":4},"end":{"line":90,"column":5}},"type":"if","locations":[{"start":{"line":88,"column":4},"end":{"line":90,"column":5}},{"start":{},"end":{}}],"line":88},"8":{"loc":{"start":{"line":108,"column":4},"end":{"line":110,"column":5}},"type":"if","locations":[{"start":{"line":108,"column":4},"end":{"line":110,"column":5}},{"start":{},"end":{}}],"line":108},"9":{"loc":{"start":{"line":113,"column":4},"end":{"line":115,"column":5}},"type":"if","locations":[{"start":{"line":113,"column":4},"end":{"line":115,"column":5}},{"start":{},"end":{}}],"line":113},"10":{"loc":{"start":{"line":113,"column":8},"end":{"line":113,"column":91}},"type":"binary-expr","locations":[{"start":{"line":113,"column":8},"end":{"line":113,"column":33}},{"start":{"line":113,"column":37},"end":{"line":113,"column":91}}],"line":113}},"s":{"0":1,"1":1,"2":1,"3":1,"4":2,"5":2,"6":2,"7":1,"8":2,"9":2,"10":0,"11":1,"12":2,"13":2,"14":2,"15":2,"16":0,"17":2,"18":2,"19":0,"20":2,"21":1,"22":1,"23":1,"24":1,"25":1,"26":0,"27":1,"28":1,"29":0,"30":1,"31":1,"32":1,"33":1,"34":1,"35":0,"36":1,"37":1,"38":0,"39":1,"40":0,"41":1,"42":0,"43":0,"44":0,"45":0,"46":0,"47":0,"48":0,"49":0,"50":1},"f":{"0":2,"1":2,"2":1,"3":0},"b":{"0":[1,1],"1":[0,2],"2":[2,2],"3":[0,2],"4":[1,1],"5":[0,1],"6":[0,1],"7":[0,1],"8":[0,0],"9":[0,0],"10":[0,0]},"_coverageSchema":"1a1c01bbd47fc00a2c39e90264f33305004495a9","hash":"fa9d474c0f5f2951e59848357da2d5eb1c303165"}
,"C:\\Users\\tampu\\OneDrive\\Desktop\\sagana\\server\\controllers\\productController.js": {"path":"C:\\Users\\tampu\\OneDrive\\Desktop\\sagana\\server\\controllers\\productController.js","statementMap":{"0":{"start":{"line":4,"column":22},"end":{"line":20,"column":1}},"1":{"start":{"line":5,"column":2},"end":{"line":19,"column":3}},"2":{"start":{"line":6,"column":54},"end":{"line":6,"column":63}},"3":{"start":{"line":7,"column":18},"end":{"line":7,"column":42}},"4":{"start":{"line":8,"column":4},"end":{"line":8,"column":44}},"5":{"start":{"line":8,"column":18},"end":{"line":8,"column":44}},"6":{"start":{"line":10,"column":21},"end":{"line":14,"column":31}},"7":{"start":{"line":16,"column":4},"end":{"line":16,"column":84}},"8":{"start":{"line":18,"column":4},"end":{"line":18,"column":69}},"9":{"start":{"line":24,"column":29},"end":{"line":63,"column":1}},"10":{"start":{"line":25,"column":2},"end":{"line":62,"column":3}},"11":{"start":{"line":26,"column":17},"end":{"line":26,"column":46}},"12":{"start":{"line":27,"column":22},"end":{"line":27,"column":71}},"13":{"start":{"line":29,"column":21},"end":{"line":32,"column":39}},"14":{"start":{"line":35,"column":30},"end":{"line":57,"column":6}},"15":{"start":{"line":36,"column":6},"end":{"line":39,"column":7}},"16":{"start":{"line":37,"column":8},"end":{"line":37,"column":78}},"17":{"start":{"line":38,"column":8},"end":{"line":38,"column":21}},"18":{"start":{"line":40,"column":22},"end":{"line":40,"column":42}},"19":{"start":{"line":41,"column":18},"end":{"line":41,"column":23}},"20":{"start":{"line":42,"column":6},"end":{"line":50,"column":7}},"21":{"start":{"line":42,"column":19},"end":{"line":42,"column":20}},"22":{"start":{"line":43,"column":8},"end":{"line":49,"column":9}},"23":{"start":{"line":47,"column":10},"end":{"line":47,"column":23}},"24":{"start":{"line":48,"column":10},"end":{"line":48,"column":16}},"25":{"start":{"line":51,"column":6},"end":{"line":55,"column":7}},"26":{"start":{"line":52,"column":8},"end":{"line":52,"column":91}},"27":{"start":{"line":54,"column":8},"end":{"line":54,"column":92}},"28":{"start":{"line":56,"column":6},"end":{"line":56,"column":19}},"29":{"start":{"line":59,"column":4},"end":{"line":59,"column":102}},"30":{"start":{"line":61,"column":4},"end":{"line":61,"column":69}},"31":{"start":{"line":64,"column":16},"end":{"line":64,"column":44}},"32":{"start":{"line":69,"column":20},"end":{"line":85,"column":1}},"33":{"start":{"line":70,"column":2},"end":{"line":84,"column":3}},"34":{"start":{"line":71,"column":53},"end":{"line":71,"column":62}},"35":{"start":{"line":72,"column":18},"end":{"line":72,"column":38}},"36":{"start":{"line":73,"column":4},"end":{"line":73,"column":44}},"37":{"start":{"line":73,"column":18},"end":{"line":73,"column":44}},"38":{"start":{"line":75,"column":21},"end":{"line":79,"column":31}},"39":{"start":{"line":81,"column":4},"end":{"line":81,"column":84}},"40":{"start":{"line":83,"column":4},"end":{"line":83,"column":69}},"41":{"start":{"line":90,"column":19},"end":{"line":100,"column":1}},"42":{"start":{"line":91,"column":2},"end":{"line":99,"column":3}},"43":{"start":{"line":92,"column":20},"end":{"line":92,"column":90}},"44":{"start":{"line":93,"column":4},"end":{"line":95,"column":5}},"45":{"start":{"line":94,"column":6},"end":{"line":94,"column":84}},"46":{"start":{"line":96,"column":4},"end":{"line":96,"column":59}},"47":{"start":{"line":98,"column":4},"end":{"line":98,"column":69}},"48":{"start":{"line":105,"column":22},"end":{"line":128,"column":1}},"49":{"start":{"line":106,"column":2},"end":{"line":127,"column":3}},"50":{"start":{"line":107,"column":64},"end":{"line":107,"column":72}},"51":{"start":{"line":108,"column":20},"end":{"line":108,"column":29}},"52":{"start":{"line":109,"column":4},"end":{"line":111,"column":5}},"53":{"start":{"line":110,"column":6},"end":{"line":110,"column":50}},"54":{"start":{"line":113,"column":20},"end":{"line":123,"column":6}},"55":{"start":{"line":124,"column":4},"end":{"line":124,"column":59}},"56":{"start":{"line":126,"column":4},"end":{"line":126,"column":69}},"57":{"start":{"line":133,"column":11},"end":{"line":133,"column":24}},"58":{"start":{"line":134,"column":13},"end":{"line":134,"column":28}},"59":{"start":{"line":135,"column":22},"end":{"line":172,"column":1}},"60":{"start":{"line":136,"column":2},"end":{"line":171,"column":3}},"61":{"start":{"line":137,"column":18},"end":{"line":137,"column":55}},"62":{"start":{"line":138,"column":4},"end":{"line":140,"column":5}},"63":{"start":{"line":139,"column":6},"end":{"line":139,"column":84}},"64":{"start":{"line":143,"column":4},"end":{"line":145,"column":5}},"65":{"start":{"line":144,"column":6},"end":{"line":144,"column":104}},"66":{"start":{"line":148,"column":4},"end":{"line":154,"column":5}},"67":{"start":{"line":152,"column":6},"end":{"line":152,"column":56}},"68":{"start":{"line":153,"column":6},"end":{"line":153,"column":84}},"69":{"start":{"line":157,"column":4},"end":{"line":163,"column":5}},"70":{"start":{"line":158,"column":6},"end":{"line":161,"column":7}},"71":{"start":{"line":159,"column":24},"end":{"line":159,"column":65}},"72":{"start":{"line":160,"column":8},"end":{"line":160,"column":40}},"73":{"start":{"line":162,"column":6},"end":{"line":162,"column":54}},"74":{"start":{"line":166,"column":4},"end":{"line":166,"column":37}},"75":{"start":{"line":167,"column":4},"end":{"line":167,"column":25}},"76":{"start":{"line":168,"column":4},"end":{"line":168,"column":59}},"77":{"start":{"line":170,"column":4},"end":{"line":170,"column":69}},"78":{"start":{"line":177,"column":23},"end":{"line":191,"column":1}},"79":{"start":{"line":178,"column":2},"end":{"line":190,"column":3}},"80":{"start":{"line":179,"column":20},"end":{"line":183,"column":5}},"81":{"start":{"line":184,"column":4},"end":{"line":186,"column":5}},"82":{"start":{"line":185,"column":6},"end":{"line":185,"column":84}},"83":{"start":{"line":187,"column":4},"end":{"line":187,"column":59}},"84":{"start":{"line":189,"column":4},"end":{"line":189,"column":69}},"85":{"start":{"line":196,"column":22},"end":{"line":214,"column":1}},"86":{"start":{"line":197,"column":2},"end":{"line":213,"column":3}},"87":{"start":{"line":198,"column":20},"end":{"line":198,"column":57}},"88":{"start":{"line":199,"column":4},"end":{"line":201,"column":5}},"89":{"start":{"line":200,"column":6},"end":{"line":200,"column":84}},"90":{"start":{"line":203,"column":4},"end":{"line":208,"column":5}},"91":{"start":{"line":207,"column":6},"end":{"line":207,"column":104}},"92":{"start":{"line":209,"column":4},"end":{"line":209,"column":30}},"93":{"start":{"line":210,"column":4},"end":{"line":210,"column":85}},"94":{"start":{"line":212,"column":4},"end":{"line":212,"column":69}},"95":{"start":{"line":219,"column":23},"end":{"line":235,"column":1}},"96":{"start":{"line":220,"column":2},"end":{"line":234,"column":3}},"97":{"start":{"line":221,"column":54},"end":{"line":221,"column":63}},"98":{"start":{"line":222,"column":18},"end":{"line":222,"column":20}},"99":{"start":{"line":223,"column":4},"end":{"line":223,"column":44}},"100":{"start":{"line":223,"column":18},"end":{"line":223,"column":44}},"101":{"start":{"line":225,"column":21},"end":{"line":229,"column":31}},"102":{"start":{"line":231,"column":4},"end":{"line":231,"column":84}},"103":{"start":{"line":233,"column":4},"end":{"line":233,"column":69}},"104":{"start":{"line":237,"column":0},"end":{"line":237,"column":159}}},"fnMap":{"0":{"name":"(anonymous_0)","decl":{"start":{"line":4,"column":22},"end":{"line":4,"column":23}},"loc":{"start":{"line":4,"column":42},"end":{"line":20,"column":1}},"line":4},"1":{"name":"(anonymous_1)","decl":{"start":{"line":24,"column":29},"end":{"line":24,"column":30}},"loc":{"start":{"line":24,"column":49},"end":{"line":63,"column":1}},"line":24},"2":{"name":"(anonymous_2)","decl":{"start":{"line":35,"column":46},"end":{"line":35,"column":47}},"loc":{"start":{"line":35,"column":57},"end":{"line":57,"column":5}},"line":35},"3":{"name":"(anonymous_3)","decl":{"start":{"line":69,"column":20},"end":{"line":69,"column":21}},"loc":{"start":{"line":69,"column":40},"end":{"line":85,"column":1}},"line":69},"4":{"name":"(anonymous_4)","decl":{"start":{"line":90,"column":19},"end":{"line":90,"column":20}},"loc":{"start":{"line":90,"column":39},"end":{"line":100,"column":1}},"line":90},"5":{"name":"(anonymous_5)","decl":{"start":{"line":105,"column":22},"end":{"line":105,"column":23}},"loc":{"start":{"line":105,"column":42},"end":{"line":128,"column":1}},"line":105},"6":{"name":"(anonymous_6)","decl":{"start":{"line":135,"column":22},"end":{"line":135,"column":23}},"loc":{"start":{"line":135,"column":42},"end":{"line":172,"column":1}},"line":135},"7":{"name":"(anonymous_7)","decl":{"start":{"line":160,"column":27},"end":{"line":160,"column":28}},"loc":{"start":{"line":160,"column":36},"end":{"line":160,"column":38}},"line":160},"8":{"name":"(anonymous_8)","decl":{"start":{"line":177,"column":23},"end":{"line":177,"column":24}},"loc":{"start":{"line":177,"column":43},"end":{"line":191,"column":1}},"line":177},"9":{"name":"(anonymous_9)","decl":{"start":{"line":196,"column":22},"end":{"line":196,"column":23}},"loc":{"start":{"line":196,"column":42},"end":{"line":214,"column":1}},"line":196},"10":{"name":"(anonymous_10)","decl":{"start":{"line":219,"column":23},"end":{"line":219,"column":24}},"loc":{"start":{"line":219,"column":43},"end":{"line":235,"column":1}},"line":219}},"branchMap":{"0":{"loc":{"start":{"line":6,"column":22},"end":{"line":6,"column":30}},"type":"default-arg","locations":[{"start":{"line":6,"column":29},"end":{"line":6,"column":30}}],"line":6},"1":{"loc":{"start":{"line":6,"column":32},"end":{"line":6,"column":43}},"type":"default-arg","locations":[{"start":{"line":6,"column":40},"end":{"line":6,"column":43}}],"line":6},"2":{"loc":{"start":{"line":8,"column":4},"end":{"line":8,"column":44}},"type":"if","locations":[{"start":{"line":8,"column":4},"end":{"line":8,"column":44}},{"start":{},"end":{}}],"line":8},"3":{"loc":{"start":{"line":12,"column":12},"end":{"line":12,"column":52}},"type":"cond-expr","locations":[{"start":{"line":12,"column":19},"end":{"line":12,"column":32}},{"start":{"line":12,"column":35},"end":{"line":12,"column":52}}],"line":12},"4":{"loc":{"start":{"line":26,"column":17},"end":{"line":26,"column":46}},"type":"binary-expr","locations":[{"start":{"line":26,"column":17},"end":{"line":26,"column":41}},{"start":{"line":26,"column":45},"end":{"line":26,"column":46}}],"line":26},"5":{"loc":{"start":{"line":36,"column":6},"end":{"line":39,"column":7}},"type":"if","locations":[{"start":{"line":36,"column":6},"end":{"line":39,"column":7}},{"start":{},"end":{}}],"line":36},"6":{"loc":{"start":{"line":36,"column":10},"end":{"line":36,"column":66}},"type":"binary-expr","locations":[{"start":{"line":36,"column":10},"end":{"line":36,"column":31}},{"start":{"line":36,"column":35},"end":{"line":36,"column":66}}],"line":36},"7":{"loc":{"start":{"line":43,"column":8},"end":{"line":49,"column":9}},"type":"if","locations":[{"start":{"line":43,"column":8},"end":{"line":49,"column":9}},{"start":{},"end":{}}],"line":43},"8":{"loc":{"start":{"line":44,"column":10},"end":{"line":45,"column":48}},"type":"binary-expr","locations":[{"start":{"line":44,"column":10},"end":{"line":44,"column":49}},{"start":{"line":45,"column":10},"end":{"line":45,"column":48}}],"line":44},"9":{"loc":{"start":{"line":51,"column":6},"end":{"line":55,"column":7}},"type":"if","locations":[{"start":{"line":51,"column":6},"end":{"line":55,"column":7}},{"start":{"line":53,"column":13},"end":{"line":55,"column":7}}],"line":51},"10":{"loc":{"start":{"line":71,"column":22},"end":{"line":71,"column":30}},"type":"default-arg","locations":[{"start":{"line":71,"column":29},"end":{"line":71,"column":30}}],"line":71},"11":{"loc":{"start":{"line":71,"column":32},"end":{"line":71,"column":42}},"type":"default-arg","locations":[{"start":{"line":71,"column":40},"end":{"line":71,"column":42}}],"line":71},"12":{"loc":{"start":{"line":73,"column":4},"end":{"line":73,"column":44}},"type":"if","locations":[{"start":{"line":73,"column":4},"end":{"line":73,"column":44}},{"start":{},"end":{}}],"line":73},"13":{"loc":{"start":{"line":77,"column":12},"end":{"line":77,"column":52}},"type":"cond-expr","locations":[{"start":{"line":77,"column":19},"end":{"line":77,"column":32}},{"start":{"line":77,"column":35},"end":{"line":77,"column":52}}],"line":77},"14":{"loc":{"start":{"line":93,"column":4},"end":{"line":95,"column":5}},"type":"if","locations":[{"start":{"line":93,"column":4},"end":{"line":95,"column":5}},{"start":{},"end":{}}],"line":93},"15":{"loc":{"start":{"line":109,"column":4},"end":{"line":111,"column":5}},"type":"if","locations":[{"start":{"line":109,"column":4},"end":{"line":111,"column":5}},{"start":{},"end":{}}],"line":109},"16":{"loc":{"start":{"line":138,"column":4},"end":{"line":140,"column":5}},"type":"if","locations":[{"start":{"line":138,"column":4},"end":{"line":140,"column":5}},{"start":{},"end":{}}],"line":138},"17":{"loc":{"start":{"line":143,"column":4},"end":{"line":145,"column":5}},"type":"if","locations":[{"start":{"line":143,"column":4},"end":{"line":145,"column":5}},{"start":{},"end":{}}],"line":143},"18":{"loc":{"start":{"line":143,"column":8},"end":{"line":143,"column":90}},"type":"binary-expr","locations":[{"start":{"line":143,"column":8},"end":{"line":143,"column":61}},{"start":{"line":143,"column":65},"end":{"line":143,"column":90}}],"line":143},"19":{"loc":{"start":{"line":148,"column":4},"end":{"line":154,"column":5}},"type":"if","locations":[{"start":{"line":148,"column":4},"end":{"line":154,"column":5}},{"start":{},"end":{}}],"line":148},"20":{"loc":{"start":{"line":149,"column":6},"end":{"line":150,"column":52}},"type":"binary-expr","locations":[{"start":{"line":149,"column":6},"end":{"line":149,"column":41}},{"start":{"line":150,"column":6},"end":{"line":150,"column":52}}],"line":149},"21":{"loc":{"start":{"line":152,"column":29},"end":{"line":152,"column":55}},"type":"binary-expr","locations":[{"start":{"line":152,"column":29},"end":{"line":152,"column":49}},{"start":{"line":152,"column":53},"end":{"line":152,"column":55}}],"line":152},"22":{"loc":{"start":{"line":157,"column":4},"end":{"line":163,"column":5}},"type":"if","locations":[{"start":{"line":157,"column":4},"end":{"line":163,"column":5}},{"start":{},"end":{}}],"line":157},"23":{"loc":{"start":{"line":158,"column":6},"end":{"line":161,"column":7}},"type":"if","locations":[{"start":{"line":158,"column":6},"end":{"line":161,"column":7}},{"start":{},"end":{}}],"line":158},"24":{"loc":{"start":{"line":184,"column":4},"end":{"line":186,"column":5}},"type":"if","locations":[{"start":{"line":184,"column":4},"end":{"line":186,"column":5}},{"start":{},"end":{}}],"line":184},"25":{"loc":{"start":{"line":199,"column":4},"end":{"line":201,"column":5}},"type":"if","locations":[{"start":{"line":199,"column":4},"end":{"line":201,"column":5}},{"start":{},"end":{}}],"line":199},"26":{"loc":{"start":{"line":203,"column":4},"end":{"line":208,"column":5}},"type":"if","locations":[{"start":{"line":203,"column":4},"end":{"line":208,"column":5}},{"start":{},"end":{}}],"line":203},"27":{"loc":{"start":{"line":204,"column":6},"end":{"line":205,"column":59}},"type":"binary-expr","locations":[{"start":{"line":204,"column":6},"end":{"line":204,"column":31}},{"start":{"line":205,"column":6},"end":{"line":205,"column":59}}],"line":204},"28":{"loc":{"start":{"line":221,"column":22},"end":{"line":221,"column":30}},"type":"default-arg","locations":[{"start":{"line":221,"column":29},"end":{"line":221,"column":30}}],"line":221},"29":{"loc":{"start":{"line":221,"column":32},"end":{"line":221,"column":43}},"type":"default-arg","locations":[{"start":{"line":221,"column":40},"end":{"line":221,"column":43}}],"line":221},"30":{"loc":{"start":{"line":223,"column":4},"end":{"line":223,"column":44}},"type":"if","locations":[{"start":{"line":223,"column":4},"end":{"line":223,"column":44}},{"start":{},"end":{}}],"line":223},"31":{"loc":{"start":{"line":227,"column":12},"end":{"line":227,"column":52}},"type":"cond-expr","locations":[{"start":{"line":227,"column":19},"end":{"line":227,"column":32}},{"start":{"line":227,"column":35},"end":{"line":227,"column":52}}],"line":227}},"s":{"0":1,"1":0,"2":0,"3":0,"4":0,"5":0,"6":0,"7":0,"8":0,"9":1,"10":0,"11":0,"12":0,"13":0,"14":0,"15":0,"16":0,"17":0,"18":0,"19":0,"20":0,"21":0,"22":0,"23":0,"24":0,"25":0,"26":0,"27":0,"28":0,"29":0,"30":0,"31":1,"32":1,"33":2,"34":2,"35":2,"36":2,"37":0,"38":2,"39":2,"40":0,"41":1,"42":0,"43":0,"44":0,"45":0,"46":0,"47":0,"48":1,"49":1,"50":1,"51":1,"52":1,"53":0,"54":1,"55":1,"56":0,"57":1,"58":1,"59":1,"60":0,"61":0,"62":0,"63":0,"64":0,"65":0,"66":0,"67":0,"68":0,"69":0,"70":0,"71":0,"72":0,"73":0,"74":0,"75":0,"76":0,"77":0,"78":1,"79":1,"80":1,"81":1,"82":0,"83":1,"84":0,"85":1,"86":0,"87":0,"88":0,"89":0,"90":0,"91":0,"92":0,"93":0,"94":0,"95":1,"96":0,"97":0,"98":0,"99":0,"100":0,"101":0,"102":0,"103":0,"104":1},"f":{"0":0,"1":0,"2":0,"3":2,"4":0,"5":1,"6":0,"7":0,"8":1,"9":0,"10":0},"b":{"0":[0],"1":[0],"2":[0,0],"3":[0,0],"4":[0,0],"5":[0,0],"6":[0,0],"7":[0,0],"8":[0,0],"9":[0,0],"10":[2],"11":[2],"12":[0,2],"13":[0,2],"14":[0,0],"15":[0,1],"16":[0,0],"17":[0,0],"18":[0,0],"19":[0,0],"20":[0,0],"21":[0,0],"22":[0,0],"23":[0,0],"24":[0,1],"25":[0,0],"26":[0,0],"27":[0,0],"28":[0],"29":[0],"30":[0,0],"31":[0,0]},"_coverageSchema":"1a1c01bbd47fc00a2c39e90264f33305004495a9","hash":"346dffba7c62d9757abc3350f956683d8d7dd446"}
,"C:\\Users\\tampu\\OneDrive\\Desktop\\sagana\\server\\middleware\\authMiddleware.js": {"path":"C:\\Users\\tampu\\OneDrive\\Desktop\\sagana\\server\\middleware\\authMiddleware.js","statementMap":{"0":{"start":{"line":1,"column":12},"end":{"line":1,"column":35}},"1":{"start":{"line":2,"column":13},"end":{"line":2,"column":38}},"2":{"start":{"line":4,"column":16},"end":{"line":17,"column":1}},"3":{"start":{"line":6,"column":2},"end":{"line":15,"column":3}},"4":{"start":{"line":7,"column":4},"end":{"line":14,"column":5}},"5":{"start":{"line":8,"column":6},"end":{"line":8,"column":54}},"6":{"start":{"line":9,"column":22},"end":{"line":9,"column":63}},"7":{"start":{"line":10,"column":6},"end":{"line":10,"column":69}},"8":{"start":{"line":11,"column":6},"end":{"line":11,"column":20}},"9":{"start":{"line":13,"column":6},"end":{"line":13,"column":95}},"10":{"start":{"line":16,"column":2},"end":{"line":16,"column":87}},"11":{"start":{"line":19,"column":0},"end":{"line":19,"column":29}}},"fnMap":{"0":{"name":"(anonymous_0)","decl":{"start":{"line":4,"column":16},"end":{"line":4,"column":17}},"loc":{"start":{"line":4,"column":42},"end":{"line":17,"column":1}},"line":4}},"branchMap":{"0":{"loc":{"start":{"line":6,"column":2},"end":{"line":15,"column":3}},"type":"if","locations":[{"start":{"line":6,"column":2},"end":{"line":15,"column":3}},{"start":{},"end":{}}],"line":6},"1":{"loc":{"start":{"line":6,"column":6},"end":{"line":6,"column":81}},"type":"binary-expr","locations":[{"start":{"line":6,"column":6},"end":{"line":6,"column":31}},{"start":{"line":6,"column":35},"end":{"line":6,"column":81}}],"line":6}},"s":{"0":1,"1":1,"2":1,"3":17,"4":16,"5":16,"6":16,"7":16,"8":16,"9":0,"10":1,"11":1},"f":{"0":17},"b":{"0":[16,1],"1":[17,16]},"_coverageSchema":"1a1c01bbd47fc00a2c39e90264f33305004495a9","hash":"b6f887c506e6835379d7c70c7cf166fba996267e"}
,"C:\\Users\\tampu\\OneDrive\\Desktop\\sagana\\server\\middleware\\roleMiddleware.js": {"path":"C:\\Users\\tampu\\OneDrive\\Desktop\\sagana\\server\\middleware\\roleMiddleware.js","statementMap":{"0":{"start":{"line":1,"column":18},"end":{"line":11,"column":1}},"1":{"start":{"line":2,"column":2},"end":{"line":10,"column":4}},"2":{"start":{"line":3,"column":4},"end":{"line":8,"column":5}},"3":{"start":{"line":4,"column":6},"end":{"line":7,"column":9}},"4":{"start":{"line":9,"column":4},"end":{"line":9,"column":11}},"5":{"start":{"line":13,"column":0},"end":{"line":13,"column":31}}},"fnMap":{"0":{"name":"(anonymous_0)","decl":{"start":{"line":1,"column":18},"end":{"line":1,"column":19}},"loc":{"start":{"line":1,"column":32},"end":{"line":11,"column":1}},"line":1},"1":{"name":"(anonymous_1)","decl":{"start":{"line":2,"column":9},"end":{"line":2,"column":10}},"loc":{"start":{"line":2,"column":29},"end":{"line":10,"column":3}},"line":2}},"branchMap":{"0":{"loc":{"start":{"line":3,"column":4},"end":{"line":8,"column":5}},"type":"if","locations":[{"start":{"line":3,"column":4},"end":{"line":8,"column":5}},{"start":{},"end":{}}],"line":3}},"s":{"0":1,"1":16,"2":15,"3":6,"4":9,"5":1},"f":{"0":16,"1":15},"b":{"0":[6,9]},"_coverageSchema":"1a1c01bbd47fc00a2c39e90264f33305004495a9","hash":"37e40df248ad801513354b7e880e9b0c199f8175"}
,"C:\\Users\\tampu\\OneDrive\\Desktop\\sagana\\server\\models\\InventoryBatch.js": {"path":"C:\\Users\\tampu\\OneDrive\\Desktop\\sagana\\server\\models\\InventoryBatch.js","statementMap":{"0":{"start":{"line":1,"column":17},"end":{"line":1,"column":36}},"1":{"start":{"line":3,"column":29},"end":{"line":11,"column":24}},"2":{"start":{"line":14,"column":0},"end":{"line":19,"column":3}},"3":{"start":{"line":15,"column":2},"end":{"line":18,"column":3}},"4":{"start":{"line":16,"column":17},"end":{"line":16,"column":72}},"5":{"start":{"line":17,"column":4},"end":{"line":17,"column":99}},"6":{"start":{"line":21,"column":0},"end":{"line":21,"column":72}}},"fnMap":{"0":{"name":"(anonymous_0)","decl":{"start":{"line":14,"column":33},"end":{"line":14,"column":34}},"loc":{"start":{"line":14,"column":50},"end":{"line":19,"column":1}},"line":14}},"branchMap":{"0":{"loc":{"start":{"line":15,"column":2},"end":{"line":18,"column":3}},"type":"if","locations":[{"start":{"line":15,"column":2},"end":{"line":18,"column":3}},{"start":{},"end":{}}],"line":15}},"s":{"0":1,"1":1,"2":1,"3":2,"4":1,"5":1,"6":1},"f":{"0":2},"b":{"0":[1,1]},"_coverageSchema":"1a1c01bbd47fc00a2c39e90264f33305004495a9","hash":"0d790a5c3ee4d839864a83d395a003ea121ad4ed"}
,"C:\\Users\\tampu\\OneDrive\\Desktop\\sagana\\server\\models\\Order.js": {"path":"C:\\Users\\tampu\\OneDrive\\Desktop\\sagana\\server\\models\\Order.js","statementMap":{"0":{"start":{"line":1,"column":17},"end":{"line":1,"column":36}},"1":{"start":{"line":3,"column":20},"end":{"line":10,"column":24}},"2":{"start":{"line":12,"column":0},"end":{"line":12,"column":54}}},"fnMap":{},"branchMap":{},"s":{"0":1,"1":1,"2":1},"f":{},"b":{},"_coverageSchema":"1a1c01bbd47fc00a2c39e90264f33305004495a9","hash":"f371cf37f7fbea52d6ea03339fd88ef798c522bb"}
,"C:\\Users\\tampu\\OneDrive\\Desktop\\sagana\\server\\models\\Product.js": {"path":"C:\\Users\\tampu\\OneDrive\\Desktop\\sagana\\server\\models\\Product.js","statementMap":{"0":{"start":{"line":1,"column":17},"end":{"line":1,"column":36}},"1":{"start":{"line":3,"column":22},"end":{"line":18,"column":24}},"2":{"start":{"line":20,"column":0},"end":{"line":20,"column":58}}},"fnMap":{},"branchMap":{},"s":{"0":1,"1":1,"2":1},"f":{},"b":{},"_coverageSchema":"1a1c01bbd47fc00a2c39e90264f33305004495a9","hash":"5102d579c366f8c77de51622dc22e2262d2b5c8d"}
,"C:\\Users\\tampu\\OneDrive\\Desktop\\sagana\\server\\models\\User.js": {"path":"C:\\Users\\tampu\\OneDrive\\Desktop\\sagana\\server\\models\\User.js","statementMap":{"0":{"start":{"line":1,"column":17},"end":{"line":1,"column":36}},"1":{"start":{"line":3,"column":19},"end":{"line":8,"column":24}},"2":{"start":{"line":10,"column":0},"end":{"line":10,"column":52}}},"fnMap":{},"branchMap":{},"s":{"0":1,"1":1,"2":1},"f":{},"b":{},"_coverageSchema":"1a1c01bbd47fc00a2c39e90264f33305004495a9","hash":"dc6abc9cc84f008a7d981c1e96e98a7ebd5a6efb"}
,"C:\\Users\\tampu\\OneDrive\\Desktop\\sagana\\server\\routes\\authRoutes.js": {"path":"C:\\Users\\tampu\\OneDrive\\Desktop\\sagana\\server\\routes\\authRoutes.js","statementMap":{"0":{"start":{"line":1,"column":16},"end":{"line":1,"column":34}},"1":{"start":{"line":2,"column":15},"end":{"line":2,"column":31}},"2":{"start":{"line":3,"column":35},"end":{"line":3,"column":75}},"3":{"start":{"line":4,"column":20},"end":{"line":4,"column":59}},"4":{"start":{"line":5,"column":22},"end":{"line":5,"column":61}},"5":{"start":{"line":7,"column":0},"end":{"line":7,"column":35}},"6":{"start":{"line":8,"column":0},"end":{"line":8,"column":29}},"7":{"start":{"line":9,"column":0},"end":{"line":9,"column":34}},"8":{"start":{"line":12,"column":0},"end":{"line":20,"column":3}},"9":{"start":{"line":13,"column":2},"end":{"line":19,"column":3}},"10":{"start":{"line":14,"column":17},"end":{"line":14,"column":42}},"11":{"start":{"line":15,"column":18},"end":{"line":15,"column":79}},"12":{"start":{"line":16,"column":4},"end":{"line":16,"column":78}},"13":{"start":{"line":18,"column":4},"end":{"line":18,"column":69}},"14":{"start":{"line":22,"column":0},"end":{"line":22,"column":24}}},"fnMap":{"0":{"name":"(anonymous_0)","decl":{"start":{"line":12,"column":50},"end":{"line":12,"column":51}},"loc":{"start":{"line":12,"column":70},"end":{"line":20,"column":1}},"line":12}},"branchMap":{},"s":{"0":1,"1":1,"2":1,"3":1,"4":1,"5":1,"6":1,"7":1,"8":1,"9":0,"10":0,"11":0,"12":0,"13":0,"14":1},"f":{"0":0},"b":{},"_coverageSchema":"1a1c01bbd47fc00a2c39e90264f33305004495a9","hash":"4b2ff9cb3151c371bb23aba32d5f69c36f310adf"}
,"C:\\Users\\tampu\\OneDrive\\Desktop\\sagana\\server\\routes\\inventoryRoutes.js": {"path":"C:\\Users\\tampu\\OneDrive\\Desktop\\sagana\\server\\routes\\inventoryRoutes.js","statementMap":{"0":{"start":{"line":1,"column":16},"end":{"line":1,"column":34}},"1":{"start":{"line":2,"column":15},"end":{"line":2,"column":31}},"2":{"start":{"line":7,"column":4},"end":{"line":7,"column":49}},"3":{"start":{"line":8,"column":20},"end":{"line":8,"column":59}},"4":{"start":{"line":9,"column":22},"end":{"line":9,"column":61}},"5":{"start":{"line":13,"column":0},"end":{"line":13,"column":46}},"6":{"start":{"line":15,"column":0},"end":{"line":15,"column":69}},"7":{"start":{"line":16,"column":0},"end":{"line":16,"column":77}},"8":{"start":{"line":17,"column":0},"end":{"line":17,"column":69}},"9":{"start":{"line":18,"column":0},"end":{"line":18,"column":80}},"10":{"start":{"line":19,"column":0},"end":{"line":19,"column":73}},"11":{"start":{"line":21,"column":0},"end":{"line":21,"column":24}}},"fnMap":{},"branchMap":{},"s":{"0":1,"1":1,"2":1,"3":1,"4":1,"5":1,"6":1,"7":1,"8":1,"9":1,"10":1,"11":1},"f":{},"b":{},"_coverageSchema":"1a1c01bbd47fc00a2c39e90264f33305004495a9","hash":"ce23143c96f64375be9dac17bc6b1dcadb9ddab7"}
,"C:\\Users\\tampu\\OneDrive\\Desktop\\sagana\\server\\routes\\orderRoutes.js": {"path":"C:\\Users\\tampu\\OneDrive\\Desktop\\sagana\\server\\routes\\orderRoutes.js","statementMap":{"0":{"start":{"line":1,"column":16},"end":{"line":1,"column":34}},"1":{"start":{"line":2,"column":15},"end":{"line":2,"column":31}},"2":{"start":{"line":6,"column":4},"end":{"line":6,"column":45}},"3":{"start":{"line":7,"column":20},"end":{"line":7,"column":59}},"4":{"start":{"line":8,"column":22},"end":{"line":8,"column":61}},"5":{"start":{"line":10,"column":0},"end":{"line":10,"column":65}},"6":{"start":{"line":11,"column":0},"end":{"line":11,"column":67}},"7":{"start":{"line":12,"column":0},"end":{"line":12,"column":59}},"8":{"start":{"line":13,"column":0},"end":{"line":13,"column":74}},"9":{"start":{"line":15,"column":0},"end":{"line":15,"column":24}}},"fnMap":{},"branchMap":{},"s":{"0":1,"1":1,"2":1,"3":1,"4":1,"5":1,"6":1,"7":1,"8":1,"9":1},"f":{},"b":{},"_coverageSchema":"1a1c01bbd47fc00a2c39e90264f33305004495a9","hash":"58efcfe7ed1b2cb27217e0995955062279f9debd"}
,"C:\\Users\\tampu\\OneDrive\\Desktop\\sagana\\server\\routes\\productRoutes.js": {"path":"C:\\Users\\tampu\\OneDrive\\Desktop\\sagana\\server\\routes\\productRoutes.js","statementMap":{"0":{"start":{"line":1,"column":16},"end":{"line":1,"column":34}},"1":{"start":{"line":2,"column":15},"end":{"line":2,"column":31}},"2":{"start":{"line":3,"column":15},"end":{"line":3,"column":32}},"3":{"start":{"line":4,"column":13},"end":{"line":4,"column":28}},"4":{"start":{"line":5,"column":16},"end":{"line":13,"column":2}},"5":{"start":{"line":7,"column":4},"end":{"line":7,"column":49}},"6":{"start":{"line":10,"column":16},"end":{"line":10,"column":47}},"7":{"start":{"line":11,"column":4},"end":{"line":11,"column":71}},"8":{"start":{"line":14,"column":15},"end":{"line":14,"column":34}},"9":{"start":{"line":18,"column":4},"end":{"line":18,"column":47}},"10":{"start":{"line":19,"column":20},"end":{"line":19,"column":59}},"11":{"start":{"line":20,"column":22},"end":{"line":20,"column":61}},"12":{"start":{"line":22,"column":0},"end":{"line":22,"column":29}},"13":{"start":{"line":23,"column":0},"end":{"line":23,"column":65}},"14":{"start":{"line":24,"column":0},"end":{"line":24,"column":49}},"15":{"start":{"line":25,"column":0},"end":{"line":25,"column":64}},"16":{"start":{"line":26,"column":0},"end":{"line":26,"column":31}},"17":{"start":{"line":27,"column":0},"end":{"line":27,"column":86}},"18":{"start":{"line":28,"column":0},"end":{"line":28,"column":97}},"19":{"start":{"line":29,"column":0},"end":{"line":29,"column":72}},"20":{"start":{"line":30,"column":0},"end":{"line":30,"column":76}},"21":{"start":{"line":32,"column":0},"end":{"line":32,"column":24}}},"fnMap":{"0":{"name":"(anonymous_0)","decl":{"start":{"line":6,"column":15},"end":{"line":6,"column":16}},"loc":{"start":{"line":6,"column":40},"end":{"line":8,"column":3}},"line":6},"1":{"name":"(anonymous_1)","decl":{"start":{"line":9,"column":12},"end":{"line":9,"column":13}},"loc":{"start":{"line":9,"column":37},"end":{"line":12,"column":3}},"line":9}},"branchMap":{},"s":{"0":1,"1":1,"2":1,"3":1,"4":1,"5":0,"6":0,"7":0,"8":1,"9":1,"10":1,"11":1,"12":1,"13":1,"14":1,"15":1,"16":1,"17":1,"18":1,"19":1,"20":1,"21":1},"f":{"0":0,"1":0},"b":{},"_coverageSchema":"1a1c01bbd47fc00a2c39e90264f33305004495a9","hash":"d403c910fad9de825d3647d68b0599ab24f7350a"}
}
