TN:
SF:controllers\authController.js
FN:6,(anonymous_0)
FN:13,(anonymous_1)
FN:48,(anonymous_2)
FN:77,(anonymous_3)
FNF:4
FNH:4
FNDA:4,(anonymous_0)
FNDA:4,(anonymous_1)
FNDA:2,(anonymous_2)
FNDA:1,(anonymous_3)
DA:1,1
DA:2,1
DA:3,1
DA:6,1
DA:7,4
DA:13,1
DA:14,4
DA:15,4
DA:18,4
DA:19,4
DA:20,1
DA:24,3
DA:25,3
DA:28,3
DA:35,3
DA:41,0
DA:48,1
DA:49,2
DA:50,2
DA:53,2
DA:54,2
DA:55,0
DA:59,2
DA:60,2
DA:61,1
DA:64,1
DA:70,0
DA:77,1
DA:78,1
DA:79,1
DA:80,1
DA:82,0
DA:86,1
LF:33
LH:29
BRDA:19,0,0,1
BRDA:19,0,1,3
BRDA:32,1,0,3
BRDA:32,1,1,0
BRDA:54,2,0,0
BRDA:54,2,1,2
BRDA:60,3,0,1
BRDA:60,3,1,1
BRF:8
BRH:6
end_of_record
TN:
SF:controllers\inventoryController.js
FN:6,(anonymous_0)
FN:30,(anonymous_1)
FN:54,(anonymous_2)
FN:76,(anonymous_3)
FN:102,(anonymous_4)
FN:118,(anonymous_5)
FNF:6
FNH:2
FNDA:1,(anonymous_0)
FNDA:0,(anonymous_1)
FNDA:1,(anonymous_2)
FNDA:0,(anonymous_3)
FNDA:0,(anonymous_4)
FNDA:0,(anonymous_5)
DA:1,1
DA:6,1
DA:7,1
DA:8,1
DA:9,1
DA:12,1
DA:13,1
DA:14,1
DA:16,1
DA:21,1
DA:23,0
DA:30,1
DA:31,0
DA:32,0
DA:36,0
DA:37,0
DA:41,0
DA:42,0
DA:45,0
DA:47,0
DA:54,1
DA:55,1
DA:56,1
DA:58,1
DA:67,1
DA:69,0
DA:76,1
DA:77,0
DA:78,0
DA:79,0
DA:80,0
DA:84,0
DA:85,0
DA:88,0
DA:93,0
DA:95,0
DA:102,1
DA:103,0
DA:104,0
DA:105,0
DA:106,0
DA:108,0
DA:109,0
DA:111,0
DA:118,1
DA:119,0
DA:120,0
DA:121,0
DA:122,0
DA:124,0
DA:132,0
DA:134,0
DA:138,1
LF:53
LH:20
BRDA:12,0,0,1
BRDA:12,0,1,0
BRDA:13,1,0,0
BRDA:13,1,1,1
BRDA:14,2,0,0
BRDA:14,2,1,1
BRDA:36,3,0,0
BRDA:36,3,1,0
BRDA:41,4,0,0
BRDA:41,4,1,0
BRDA:41,5,0,0
BRDA:41,5,1,0
BRDA:79,6,0,0
BRDA:79,6,1,0
BRDA:84,7,0,0
BRDA:84,7,1,0
BRDA:84,8,0,0
BRDA:84,8,1,0
BRDA:105,9,0,0
BRDA:105,9,1,0
BRDA:121,10,0,0
BRDA:121,10,1,0
BRF:22
BRH:3
end_of_record
TN:
SF:controllers\orderController.js
FN:8,(anonymous_0)
FN:28,(anonymous_1)
FN:73,(anonymous_2)
FN:101,(anonymous_3)
FNF:4
FNH:3
FNDA:2,(anonymous_0)
FNDA:2,(anonymous_1)
FNDA:1,(anonymous_2)
FNDA:0,(anonymous_3)
DA:1,1
DA:2,1
DA:3,1
DA:8,1
DA:9,2
DA:10,2
DA:11,2
DA:13,2
DA:19,2
DA:21,0
DA:28,1
DA:29,2
DA:30,2
DA:33,2
DA:34,2
DA:35,0
DA:39,2
DA:40,2
DA:41,0
DA:43,2
DA:44,1
DA:48,1
DA:51,1
DA:60,1
DA:61,1
DA:62,1
DA:64,1
DA:66,0
DA:73,1
DA:74,1
DA:75,1
DA:76,1
DA:78,1
DA:79,0
DA:82,1
DA:88,1
DA:89,0
DA:92,1
DA:94,0
DA:101,1
DA:102,0
DA:103,0
DA:108,0
DA:109,0
DA:113,0
DA:114,0
DA:117,0
DA:119,0
DA:123,1
LF:49
LH:34
BRDA:11,0,0,1
BRDA:11,0,1,1
BRDA:34,1,0,0
BRDA:34,1,1,2
BRDA:34,2,0,2
BRDA:34,2,1,2
BRDA:40,3,0,0
BRDA:40,3,1,2
BRDA:43,4,0,1
BRDA:43,4,1,1
BRDA:61,5,0,0
BRDA:61,5,1,1
BRDA:78,6,0,0
BRDA:78,6,1,1
BRDA:88,7,0,0
BRDA:88,7,1,1
BRDA:108,8,0,0
BRDA:108,8,1,0
BRDA:113,9,0,0
BRDA:113,9,1,0
BRDA:113,10,0,0
BRDA:113,10,1,0
BRF:22
BRH:11
end_of_record
TN:
SF:controllers\productController.js
FN:4,(anonymous_0)
FN:24,(anonymous_1)
FN:35,(anonymous_2)
FN:69,(anonymous_3)
FN:90,(anonymous_4)
FN:105,(anonymous_5)
FN:135,(anonymous_6)
FN:160,(anonymous_7)
FN:177,(anonymous_8)
FN:196,(anonymous_9)
FN:219,(anonymous_10)
FNF:11
FNH:3
FNDA:0,(anonymous_0)
FNDA:0,(anonymous_1)
FNDA:0,(anonymous_2)
FNDA:2,(anonymous_3)
FNDA:0,(anonymous_4)
FNDA:1,(anonymous_5)
FNDA:0,(anonymous_6)
FNDA:0,(anonymous_7)
FNDA:1,(anonymous_8)
FNDA:0,(anonymous_9)
FNDA:0,(anonymous_10)
DA:4,1
DA:5,0
DA:6,0
DA:7,0
DA:8,0
DA:10,0
DA:16,0
DA:18,0
DA:24,1
DA:25,0
DA:26,0
DA:27,0
DA:29,0
DA:35,0
DA:36,0
DA:37,0
DA:38,0
DA:40,0
DA:41,0
DA:42,0
DA:43,0
DA:47,0
DA:48,0
DA:51,0
DA:52,0
DA:54,0
DA:56,0
DA:59,0
DA:61,0
DA:64,1
DA:69,1
DA:70,2
DA:71,2
DA:72,2
DA:73,2
DA:75,2
DA:81,2
DA:83,0
DA:90,1
DA:91,0
DA:92,0
DA:93,0
DA:94,0
DA:96,0
DA:98,0
DA:105,1
DA:106,1
DA:107,1
DA:108,1
DA:109,1
DA:110,0
DA:113,1
DA:124,1
DA:126,0
DA:133,1
DA:134,1
DA:135,1
DA:136,0
DA:137,0
DA:138,0
DA:139,0
DA:143,0
DA:144,0
DA:148,0
DA:152,0
DA:153,0
DA:157,0
DA:158,0
DA:159,0
DA:160,0
DA:162,0
DA:166,0
DA:167,0
DA:168,0
DA:170,0
DA:177,1
DA:178,1
DA:179,1
DA:184,1
DA:185,0
DA:187,1
DA:189,0
DA:196,1
DA:197,0
DA:198,0
DA:199,0
DA:200,0
DA:203,0
DA:207,0
DA:209,0
DA:210,0
DA:212,0
DA:219,1
DA:220,0
DA:221,0
DA:222,0
DA:223,0
DA:225,0
DA:231,0
DA:233,0
DA:237,1
LF:101
LH:29
BRDA:6,0,0,0
BRDA:6,1,0,0
BRDA:8,2,0,0
BRDA:8,2,1,0
BRDA:12,3,0,0
BRDA:12,3,1,0
BRDA:26,4,0,0
BRDA:26,4,1,0
BRDA:36,5,0,0
BRDA:36,5,1,0
BRDA:36,6,0,0
BRDA:36,6,1,0
BRDA:43,7,0,0
BRDA:43,7,1,0
BRDA:44,8,0,0
BRDA:44,8,1,0
BRDA:51,9,0,0
BRDA:51,9,1,0
BRDA:71,10,0,2
BRDA:71,11,0,2
BRDA:73,12,0,0
BRDA:73,12,1,2
BRDA:77,13,0,0
BRDA:77,13,1,2
BRDA:93,14,0,0
BRDA:93,14,1,0
BRDA:109,15,0,0
BRDA:109,15,1,1
BRDA:138,16,0,0
BRDA:138,16,1,0
BRDA:143,17,0,0
BRDA:143,17,1,0
BRDA:143,18,0,0
BRDA:143,18,1,0
BRDA:148,19,0,0
BRDA:148,19,1,0
BRDA:149,20,0,0
BRDA:149,20,1,0
BRDA:152,21,0,0
BRDA:152,21,1,0
BRDA:157,22,0,0
BRDA:157,22,1,0
BRDA:158,23,0,0
BRDA:158,23,1,0
BRDA:184,24,0,0
BRDA:184,24,1,1
BRDA:199,25,0,0
BRDA:199,25,1,0
BRDA:203,26,0,0
BRDA:203,26,1,0
BRDA:204,27,0,0
BRDA:204,27,1,0
BRDA:221,28,0,0
BRDA:221,29,0,0
BRDA:223,30,0,0
BRDA:223,30,1,0
BRDA:227,31,0,0
BRDA:227,31,1,0
BRF:58
BRH:6
end_of_record
TN:
SF:middleware\authMiddleware.js
FN:4,(anonymous_0)
FNF:1
FNH:1
FNDA:17,(anonymous_0)
DA:1,1
DA:2,1
DA:4,1
DA:6,17
DA:7,16
DA:8,16
DA:9,16
DA:10,16
DA:11,16
DA:13,0
DA:16,1
DA:19,1
LF:12
LH:11
BRDA:6,0,0,16
BRDA:6,0,1,1
BRDA:6,1,0,17
BRDA:6,1,1,16
BRF:4
BRH:4
end_of_record
TN:
SF:middleware\roleMiddleware.js
FN:1,(anonymous_0)
FN:2,(anonymous_1)
FNF:2
FNH:2
FNDA:16,(anonymous_0)
FNDA:15,(anonymous_1)
DA:1,1
DA:2,16
DA:3,15
DA:4,6
DA:9,9
DA:13,1
LF:6
LH:6
BRDA:3,0,0,6
BRDA:3,0,1,9
BRF:2
BRH:2
end_of_record
TN:
SF:models\InventoryBatch.js
FN:14,(anonymous_0)
FNF:1
FNH:1
FNDA:2,(anonymous_0)
DA:1,1
DA:3,1
DA:14,1
DA:15,2
DA:16,1
DA:17,1
DA:21,1
LF:7
LH:7
BRDA:15,0,0,1
BRDA:15,0,1,1
BRF:2
BRH:2
end_of_record
TN:
SF:models\Order.js
FNF:0
FNH:0
DA:1,1
DA:3,1
DA:12,1
LF:3
LH:3
BRF:0
BRH:0
end_of_record
TN:
SF:models\Product.js
FNF:0
FNH:0
DA:1,1
DA:3,1
DA:20,1
LF:3
LH:3
BRF:0
BRH:0
end_of_record
TN:
SF:models\User.js
FNF:0
FNH:0
DA:1,1
DA:3,1
DA:10,1
LF:3
LH:3
BRF:0
BRH:0
end_of_record
TN:
SF:routes\authRoutes.js
FN:12,(anonymous_0)
FNF:1
FNH:0
FNDA:0,(anonymous_0)
DA:1,1
DA:2,1
DA:3,1
DA:4,1
DA:5,1
DA:7,1
DA:8,1
DA:9,1
DA:12,1
DA:13,0
DA:14,0
DA:15,0
DA:16,0
DA:18,0
DA:22,1
LF:15
LH:10
BRF:0
BRH:0
end_of_record
TN:
SF:routes\inventoryRoutes.js
FNF:0
FNH:0
DA:1,1
DA:2,1
DA:7,1
DA:8,1
DA:9,1
DA:13,1
DA:15,1
DA:16,1
DA:17,1
DA:18,1
DA:19,1
DA:21,1
LF:12
LH:12
BRF:0
BRH:0
end_of_record
TN:
SF:routes\orderRoutes.js
FNF:0
FNH:0
DA:1,1
DA:2,1
DA:6,1
DA:7,1
DA:8,1
DA:10,1
DA:11,1
DA:12,1
DA:13,1
DA:15,1
LF:10
LH:10
BRF:0
BRH:0
end_of_record
TN:
SF:routes\productRoutes.js
FN:6,(anonymous_0)
FN:9,(anonymous_1)
FNF:2
FNH:0
FNDA:0,(anonymous_0)
FNDA:0,(anonymous_1)
DA:1,1
DA:2,1
DA:3,1
DA:4,1
DA:5,1
DA:7,0
DA:10,0
DA:11,0
DA:14,1
DA:18,1
DA:19,1
DA:20,1
DA:22,1
DA:23,1
DA:24,1
DA:25,1
DA:26,1
DA:27,1
DA:28,1
DA:29,1
DA:30,1
DA:32,1
LF:22
LH:19
BRF:0
BRH:0
end_of_record
